\BOOKMARK [1][]{section.1}{\376\377\116\000\060\001\000\040\225\356\230\230\221\315\217\360}{}% 1
\BOOKMARK [2][]{subsection.1.1}{\376\377\0001\000.\0001\000\040\225\356\230\230\200\314\146\157}{section.1}% 2
\BOOKMARK [2][]{subsection.1.2}{\376\377\0001\000.\0002\000\040\137\205\154\102\211\343\166\204\225\356\230\230}{section.1}% 3
\BOOKMARK [1][]{section.2}{\376\377\116\214\060\001\000\040\225\356\230\230\122\006\147\220}{}% 4
\BOOKMARK [2][]{subsection.2.1}{\376\377\0002\000.\0001\000\040\225\356\230\230\116\000\000:}{section.2}% 5
\BOOKMARK [2][]{subsection.2.2}{\376\377\0002\000.\0002\000\040\225\356\230\230\116\214\000:}{section.2}% 6
\BOOKMARK [2][]{subsection.2.3}{\376\377\0002\000.\0003\000\040\225\356\230\230\116\011\000:}{section.2}% 7
\BOOKMARK [1][]{section.3}{\376\377\116\011\060\001\000\040\152\041\127\213\166\204\120\107\213\276\116\016\176\246\133\232}{}% 8
\BOOKMARK [1][]{section.4}{\376\377\126\333\060\001\000\040\173\046\123\367\213\364\146\016\123\312\124\015\213\315\133\232\116\111}{}% 9
\BOOKMARK [1][]{section.5}{\376\377\116\224\060\001\000\040\152\041\127\213\166\204\136\372\172\313\116\016\154\102\211\343}{}% 10
\BOOKMARK [2][]{subsection.5.1}{\376\377\0005\000.\0001\000\040\225\356\230\230\116\000\116\055\173\054\116\000\225\356}{section.5}% 11
\BOOKMARK [3][]{subsubsection.5.1.1}{\376\377\0005\000.\0001\000.\0001\000\040\225\356\230\230\116\000\116\055\173\054\116\000\225\356\152\041\127\213\166\204\136\372\172\313}{subsection.5.1}% 12
\BOOKMARK [3][]{subsubsection.5.1.2}{\376\377\0005\000.\0001\000.\0002\000\040\225\356\230\230\116\000\116\055\173\054\116\000\225\356\166\204\121\167\117\123\154\102\211\343}{subsection.5.1}% 13
\BOOKMARK [2][]{subsection.5.2}{\376\377\0005\000.\0002\000\040\225\356\230\230\116\214}{section.5}% 14
\BOOKMARK [3][]{subsubsection.5.2.1}{\376\377\0005\000.\0002\000.\0001\000\040\173\227\154\325\166\204\154\102\211\343\217\307\172\013\122\006\147\220}{subsection.5.2}% 15
\BOOKMARK [3][]{subsubsection.5.2.2}{\376\377\0005\000.\0002\000.\0002\000\040\000t\000i\000t\000l\000e}{subsection.5.2}% 16
\BOOKMARK [3][]{subsubsection.5.2.3}{\376\377\0005\000.\0002\000.\0003\000\040\000t\000i\000t\000l\000e}{subsection.5.2}% 17
\BOOKMARK [2][]{subsection.5.3}{\376\377\0005\000.\0003\000\040\225\356\230\230\116\011}{section.5}% 18
\BOOKMARK [3][]{subsubsection.5.3.1}{\376\377\0005\000.\0003\000.\0001\000\040\000t\000i\000t\000l\000e}{subsection.5.3}% 19
\BOOKMARK [3][]{subsubsection.5.3.2}{\376\377\0005\000.\0003\000.\0002\000\040\000t\000i\000t\000l\000e}{subsection.5.3}% 20
\BOOKMARK [3][]{subsubsection.5.3.3}{\376\377\0005\000.\0003\000.\0003\000\040\000t\000i\000t\000l\000e}{subsection.5.3}% 21
\BOOKMARK [1][]{section.6}{\376\377\121\155\060\001\000\040\140\073\176\323}{}% 22
\BOOKMARK [1][]{section*.14}{\376\377\123\302\200\003\145\207\163\056}{}% 23
