\BOOKMARK [1][]{section.1}{\376\377\116\000\060\001\000\040\225\356\230\230\221\315\217\360}{}% 1
\BOOKMARK [2][]{subsection.1.1}{\376\377\0001\000.\0001\000\040\225\356\230\230\200\314\146\157}{section.1}% 2
\BOOKMARK [2][]{subsection.1.2}{\376\377\0001\000.\0002\000\040\137\205\154\102\211\343\166\204\225\356\230\230}{section.1}% 3
\BOOKMARK [1][]{section.2}{\376\377\116\214\060\001\000\040\225\356\230\230\122\006\147\220}{}% 4
\BOOKMARK [2][]{subsection.2.1}{\376\377\0002\000.\0001\000\040\225\356\230\230\116\000\000\050\0001\000\051\000:}{section.2}% 5
\BOOKMARK [2][]{subsection.2.2}{\376\377\0002\000.\0002\000\040\225\356\230\230\116\000\000\050\0002\000\051\000:}{section.2}% 6
\BOOKMARK [2][]{subsection.2.3}{\376\377\0002\000.\0003\000\040\225\356\230\230\116\000\000\050\0003\000\051\000:}{section.2}% 7
\BOOKMARK [2][]{subsection.2.4}{\376\377\0002\000.\0004\000\040\225\356\230\230\116\214\000:}{section.2}% 8
\BOOKMARK [1][]{section.3}{\376\377\116\011\060\001\000\040\152\041\127\213\166\204\120\107\213\276\116\016\176\246\133\232}{}% 9
\BOOKMARK [1][]{section.4}{\376\377\126\333\060\001\000\040\173\046\123\367\213\364\146\016\123\312\124\015\213\315\133\232\116\111}{}% 10
\BOOKMARK [1][]{section.5}{\376\377\116\224\060\001\000\040\152\041\127\213\166\204\136\372\172\313\116\016\154\102\211\343}{}% 11
\BOOKMARK [2][]{subsection.5.1}{\376\377\0005\000.\0001\000\040\225\356\230\230\116\000\000\050\0001\000\051}{section.5}% 12
\BOOKMARK [3][]{subsubsection.5.1.1}{\376\377\0005\000.\0001\000.\0001\000\040\225\356\230\230\116\000\000\050\0001\000\051\152\041\127\213\166\204\136\372\172\313}{subsection.5.1}% 13
\BOOKMARK [3][]{subsubsection.5.1.2}{\376\377\0005\000.\0001\000.\0002\000\040\225\356\230\230\116\000\000\050\0001\000\051\166\204\121\167\117\123\154\102\211\343}{subsection.5.1}% 14
\BOOKMARK [2][]{subsection.5.2}{\376\377\0005\000.\0002\000\040\225\356\230\230\116\000\000\050\0002\000\051}{section.5}% 15
\BOOKMARK [3][]{subsubsection.5.2.1}{\376\377\0005\000.\0002\000.\0001\000\040\173\227\154\325\166\204\154\102\211\343\217\307\172\013\122\006\147\220}{subsection.5.2}% 16
\BOOKMARK [2][]{subsection.5.3}{\376\377\0005\000.\0003\000\040\225\356\230\230\116\000\000\050\0003\000\051}{section.5}% 17
\BOOKMARK [3][]{subsubsection.5.3.1}{\376\377\0005\000.\0003\000.\0001\000\040\220\011\142\351\123\321\134\004\117\341\123\367\230\336\147\072\145\160\221\317}{subsection.5.3}% 18
\BOOKMARK [3][]{subsubsection.5.3.2}{\376\377\0005\000.\0003\000.\0002\000\040\145\340\116\272\147\072\177\026\226\037\117\115\177\156\214\003\145\164\145\271\150\110}{subsection.5.3}% 19
\BOOKMARK [2][]{subsection.5.4}{\376\377\0005\000.\0004\000\040\225\356\230\230\116\214}{section.5}% 20
\BOOKMARK [3][]{subsubsection.5.4.1}{\376\377\0005\000.\0004\000.\0001\000\040\227\136\230\166\160\271\145\340\116\272\147\072\214\003\145\164\173\126\165\145}{subsection.5.4}% 21
\BOOKMARK [3][]{subsubsection.5.4.2}{\376\377\0005\000.\0004\000.\0002\000\040\230\166\160\271\145\340\116\272\147\072\214\003\145\164\173\126\165\145}{subsection.5.4}% 22
\BOOKMARK [3][]{subsubsection.5.4.3}{\376\377\0005\000.\0004\000.\0003\000\040\214\003\145\164\145\271\150\110\117\052\116\343\170\001}{subsection.5.4}% 23
\BOOKMARK [3][]{subsubsection.5.4.4}{\376\377\0005\000.\0004\000.\0004\000\040\176\323\147\234\122\006\147\220\116\016\134\125\171\072}{subsection.5.4}% 24
\BOOKMARK [1][]{section.6}{\376\377\121\155\060\001\000\040\140\073\176\323}{}% 25
\BOOKMARK [2][]{subsection.6.1}{\376\377\0006\000.\0001\000\040\152\041\127\213\117\030\160\271}{section.6}% 26
\BOOKMARK [2][]{subsection.6.2}{\376\377\0006\000.\0002\000\040\152\041\127\213\177\072\160\271}{section.6}% 27
\BOOKMARK [2][]{subsection.6.3}{\376\377\0006\000.\0003\000\040\213\250\213\272}{section.6}% 28
\BOOKMARK [1][]{section*.40}{\376\377\123\302\200\003\145\207\163\056}{}% 29
\BOOKMARK [1][]{appendix.A}{\376\377\000A\000\040\226\104\137\125\156\005\123\125}{}% 30
\BOOKMARK [1][]{appendix.B}{\376\377\000B\000\040\145\340\156\220\133\232\117\115\174\373\176\337\116\073\173\227\154\325\116\343\170\001}{}% 31
\BOOKMARK [2][]{subsection.B.1}{\376\377\0002\000.\0001\000\040\225\356\230\230\116\000\116\073\116\343\170\001\377\032\136\163\127\107\127\006\211\304\122\022\116\016\214\003\145\164\173\227\154\325}{appendix.B}% 32
\BOOKMARK [2][]{subsection.B.2}{\376\377\0002\000.\0002\000\040\225\356\230\230\116\214\116\073\116\343\170\001\377\032\040\034\133\232\117\115\000-\117\115\171\373\040\035\217\355\116\343\214\003\145\164\173\227\154\325}{appendix.B}% 33
\BOOKMARK [2][]{subsection.B.3}{\376\377\0002\000.\0003\000\040\225\356\230\230\116\214\116\073\116\343\170\001\377\032\204\231\162\171\123\141\155\033\173\227\154\325}{appendix.B}% 34
